Build started 10/23/2012 2:10:08 AM.
     1>Project "C:\Users\Luckin'\Documents\GitHub\PTAM-Windows\CameraCalibrator.vcxproj" on node 2 (build target(s)).
     1>InitializeBuildStatus:
         Touching "Debug\CameraCalibrator.unsuccessfulbuild".
       ClCompile:
         All outputs are up-to-date.
       ManifestResourceCompile:
         All outputs are up-to-date.
       Link:
         c:\Program Files (x86)\Microsoft Visual Studio 10.0\VC\bin\link.exe /ERRORREPORT:PROMPT /OUT:"C:\Users\Luckin'\Documents\GitHub\PTAM-Windows\Debug\CameraCalibrator.exe" /INCREMENTAL /NOLOGO /LIBPATH:..\lib libcvdd.lib gvars3d.lib glew32.lib opengl32.lib 1394camerad.lib blas_win32_MTd.lib lapack_win32_MTd.lib pthreadVCE2.lib kernel32.lib user32.lib gdi32.lib winspool.lib comdlg32.lib advapi32.lib shell32.lib ole32.lib oleaut32.lib uuid.lib odbc32.lib odbccp32.lib /MANIFEST /ManifestFile:"Debug\CameraCalibrator.exe.intermediate.manifest" /MANIFESTUAC:"level='asInvoker' uiAccess='false'" /DEBUG /PDB:"C:\Users\Luckin'\Documents\GitHub\PTAM-Windows\Debug\CameraCalibrator.pdb" /SUBSYSTEM:CONSOLE /TLBID:1 /DYNAMICBASE /NXCOMPAT /IMPLIB:"C:\Users\Luckin'\Documents\GitHub\PTAM-Windows\Debug\CameraCalibrator.lib" /MACHINE:X86 Debug\CameraCalibrator.exe.embed.manifest.res
         Debug\ATANCamera.obj
         Debug\CalibCornerPatch.obj
         Debug\CalibImage.obj
         Debug\CameraCalibrator.obj
         Debug\GLWindow2.obj
         Debug\GLWindowMenu.obj
         Debug\VideoSource_Win32_CMU1394.obj
         LINK : C:\Users\Luckin'\Documents\GitHub\PTAM-Windows\Debug\CameraCalibrator.exe not found or not built by the last incremental link; performing full link
     1>libcvdd.lib(convolution.obj) : warning LNK4204: 'C:\Users\Luckin'\Documents\GitHub\PTAM-Windows\Debug\vc100.pdb' is missing debugging information for referencing module; linking object as if no debug info
     1>libcvdd.lib(fast_corner.obj) : warning LNK4204: 'C:\Users\Luckin'\Documents\GitHub\PTAM-Windows\Debug\vc100.pdb' is missing debugging information for referencing module; linking object as if no debug info
     1>libcvdd.lib(gltext.obj) : warning LNK4204: 'C:\Users\Luckin'\Documents\GitHub\PTAM-Windows\Debug\vc100.pdb' is missing debugging information for referencing module; linking object as if no debug info
     1>libcvdd.lib(nonmax_suppression.obj) : warning LNK4204: 'C:\Users\Luckin'\Documents\GitHub\PTAM-Windows\Debug\vc100.pdb' is missing debugging information for referencing module; linking object as if no debug info
     1>libcvdd.lib(convolve_gaussian.obj) : warning LNK4204: 'C:\Users\Luckin'\Documents\GitHub\PTAM-Windows\Debug\vc100.pdb' is missing debugging information for referencing module; linking object as if no debug info
     1>libcvdd.lib(utility_float.obj) : warning LNK4204: 'C:\Users\Luckin'\Documents\GitHub\PTAM-Windows\Debug\vc100.pdb' is missing debugging information for referencing module; linking object as if no debug info
     1>libcvdd.lib(glwindow.obj) : warning LNK4204: 'C:\Users\Luckin'\Documents\GitHub\PTAM-Windows\Debug\vc100.pdb' is missing debugging information for referencing module; linking object as if no debug info
     1>libcvdd.lib(win32.obj) : warning LNK4204: 'C:\Users\Luckin'\Documents\GitHub\PTAM-Windows\Debug\vc100.pdb' is missing debugging information for referencing module; linking object as if no debug info
     1>gvars3d.lib(GStringUtil.obj) : warning LNK4204: 'C:\Users\Luckin'\Documents\GitHub\PTAM-Windows\Debug\vc100.pdb' is missing debugging information for referencing module; linking object as if no debug info
     1>gvars3d.lib(GUI.obj) : warning LNK4204: 'C:\Users\Luckin'\Documents\GitHub\PTAM-Windows\Debug\vc100.pdb' is missing debugging information for referencing module; linking object as if no debug info
     1>gvars3d.lib(GUI_impl_noreadline.obj) : warning LNK4204: 'C:\Users\Luckin'\Documents\GitHub\PTAM-Windows\Debug\vc100.pdb' is missing debugging information for referencing module; linking object as if no debug info
     1>gvars3d.lib(GUI_non_readline.obj) : warning LNK4204: 'C:\Users\Luckin'\Documents\GitHub\PTAM-Windows\Debug\vc100.pdb' is missing debugging information for referencing module; linking object as if no debug info
     1>gvars3d.lib(gvars2.obj) : warning LNK4204: 'C:\Users\Luckin'\Documents\GitHub\PTAM-Windows\Debug\vc100.pdb' is missing debugging information for referencing module; linking object as if no debug info
     1>gvars3d.lib(gvars3.obj) : warning LNK4204: 'C:\Users\Luckin'\Documents\GitHub\PTAM-Windows\Debug\vc100.pdb' is missing debugging information for referencing module; linking object as if no debug info
     1>gvars3d.lib(inst.obj) : warning LNK4204: 'C:\Users\Luckin'\Documents\GitHub\PTAM-Windows\Debug\vc100.pdb' is missing debugging information for referencing module; linking object as if no debug info
     1>gvars3d.lib(serialize.obj) : warning LNK4204: 'C:\Users\Luckin'\Documents\GitHub\PTAM-Windows\Debug\vc100.pdb' is missing debugging information for referencing module; linking object as if no debug info
       Manifest:
         C:\Program Files (x86)\Microsoft SDKs\Windows\v7.0A\bin\mt.exe /nologo /verbose /out:"Debug\CameraCalibrator.exe.embed.manifest" /manifest Debug\CameraCalibrator.exe.intermediate.manifest
         All outputs are up-to-date.
       LinkEmbedManifest:
         All outputs are up-to-date.
         CameraCalibrator.vcxproj -> C:\Users\Luckin'\Documents\GitHub\PTAM-Windows\Debug\CameraCalibrator.exe
       FinalizeBuildStatus:
         Deleting file "Debug\CameraCalibrator.unsuccessfulbuild".
         Touching "Debug\CameraCalibrator.lastbuildstate".
     1>Done Building Project "C:\Users\Luckin'\Documents\GitHub\PTAM-Windows\CameraCalibrator.vcxproj" (build target(s)).

Build succeeded.

Time Elapsed 00:00:01.01
